[2026-03-21T10:10:56.421Z] GET https://youtu.be/9SLS0Xqe9KM?si=5oiW2bP1wchF1bpP → pending (?ms, ?B)
[2026-03-21T10:10:56.775Z] GET https://www.youtube.com/watch?si=5oiW2bP1wchF1bpP&v=9SLS0Xqe9KM&feature=youtu.be → 200 (149ms, ?B)
[2026-03-21T10:10:56.970Z] GET https://www.youtube.com/s/desktop/1dd30f43/jsbin/web-animations-next-lite.min.vflset/web-animations-next-lite.min.js → 200 (109ms, 50864B)
[2026-03-21T10:10:56.970Z] GET https://www.youtube.com/s/desktop/1dd30f43/jsbin/webcomponents-all-noPatch.vflset/webcomponents-all-noPatch.js → 200 (98ms, 113370B)
[2026-03-21T10:10:56.970Z] GET https://www.youtube.com/s/desktop/1dd30f43/jsbin/fetch-polyfill.vflset/fetch-polyfill.js → 200 (101ms, 9611B)
[2026-03-21T10:10:56.970Z] GET https://www.youtube.com/s/desktop/1dd30f43/jsbin/intersection-observer.min.vflset/intersection-observer.min.js → 200 (77ms, 5559B)
[2026-03-21T10:10:56.982Z] GET https://i.ytimg.com/generate_204 → 204 (360ms, ?B)
[2026-03-21T10:10:56.993Z] GET https://www.youtube.com/s/desktop/1dd30f43/jsbin/scheduler.vflset/scheduler.js → 200 (125ms, 8768B)
[2026-03-21T10:10:56.993Z] GET https://www.youtube.com/s/desktop/1dd30f43/jsbin/www-i18n-constants-ko_KR.vflset/www-i18n-constants.js → 200 (123ms, 6560B)
[2026-03-21T10:10:56.993Z] GET https://fonts.googleapis.com/css2?family=Roboto:wght@300;400;500;700&family=YouTube+Sans:wght@300..900&display=swap → 200 (177ms, 86850B)
[2026-03-21T10:10:56.993Z] GET https://www.youtube.com/s/player/1ebf2aa6/www-player.css → 200 (85ms, 526680B)
[2026-03-21T10:10:56.993Z] GET https://www.youtube.com/s/desktop/1dd30f43/cssbin/www-main-desktop-watch-page-skeleton.css → 200 (122ms, 8540B)
[2026-03-21T10:10:56.993Z] GET https://www.youtube.com/s/desktop/1dd30f43/cssbin/www-main-desktop-player-skeleton.css → 200 (122ms, 2741B)
[2026-03-21T10:10:56.993Z] GET https://www.youtube.com/s/desktop/1dd30f43/cssbin/www-onepick.css → 200 (123ms, 797B)
[2026-03-21T10:10:56.993Z] GET https://www.youtube.com/s/_/ytmainappweb/_/ss/k=ytmainappweb.kevlar_base.xxteGwZ_8Ro.L.W.O/am=AAAAAkAAmA/d=0/br=1/rs=AGKMywHlc_RHpk6KKCso6g6V3UnNuJqOfg → 200 (125ms, 3451659B)
[2026-03-21T10:10:57.667Z] GET https://rr4---sn-ab02a0nfpgxapox-bh26r.googlevideo.com/generate_204 → 204 (46ms, ?B)
[2026-03-21T10:10:57.667Z] GET https://rr2---sn-un57ene6.c.youtube.com/generate_204 → 204 (231ms, ?B)
[2026-03-21T10:10:57.704Z] GET https://fonts.gstatic.com/s/roboto/v51/KFO7CnqEu92Fr1ME7kSn66aGLdTylUAMa3yUBHMdazQ.woff2 → 200 (222ms, 37520B)
[2026-03-21T10:10:57.712Z] GET https://i.ytimg.com/vi/9SLS0Xqe9KM/hqdefault.jpg → 200 (63ms, 17989B)
[2026-03-21T10:10:57.712Z] GET https://www.youtube.com/s/player/1ebf2aa6/player_ias.vflset/ko_KR/base.js → 200 (397ms, 2716489B)
[2026-03-21T10:10:57.712Z] GET https://www.youtube.com/s/desktop/1dd30f43/jsbin/spf.vflset/spf.js → 200 (65ms, 38138B)
[2026-03-21T10:10:57.712Z] GET https://www.youtube.com/s/desktop/1dd30f43/jsbin/network.vflset/network.js → 200 (388ms, 14141B)
[2026-03-21T10:10:57.712Z] GET https://www.youtube.com/s/_/ytmainappweb/_/js/k=ytmainappweb.kevlar_base.en_US.JbmmcZyWZvc.es5.O/am=AAAAAgAAkA/d=1/br=1/rs=AGKMywHS9YSEvQrQhCuiwb7h60trkSOKKA/m=kevlar_base_module,kevlar_main_module → 200 (570ms, 9565494B)
[2026-03-21T10:10:58.251Z] GET https://www.youtube.com/s/player/1ebf2aa6/player_ias.vflset/ko_KR/offline.js → 200 (12ms, 137678B)
[2026-03-21T10:10:58.252Z] POST https://rr1---sn-ab02a0nfpgxapox-bh26r.googlevideo.com/videoplayback?expire=1774109456&ei=sG6-aZ6zNvCv1d8PzrO6yQw&ip=122.40.157.62&id=o-AB1ghs5P_VZgY0_EVh4ZWmcokkX2UfYewBemjagERt0L&source=youtube&requiressl=yes&xpc=EgVo2aDSNQ%3D%3D&cps=558&met=1774087856%2C&mh=Bk&mm=31%2C29&mn=sn-ab02a0nfpgxapox-bh26r%2Csn-ab02a0nfpgxapox-jwwk&ms=au%2Crdu&mv=m&mvi=1&pl=24&rms=au%2Cau&initcwndbps=4606250&spc=6dlaFEQjpBfkNjqV-vevjwl7zMIxd3q8LKSton5emDWWDQL1KsVb7UyTPCyHoCs98cmPVg&svpuc=1&ns=gbrPuk2TFPox2eyiAvBbAqcT&sabr=1&rqh=1&mt=1774087284&fvip=5&keepalive=yes&fexp=51565116%2C51565681%2C51791334&c=WEB&n=zIikme_sAGwtPQ&sparams=expire%2Cei%2Cip%2Cid%2Csource%2Crequiressl%2Cxpc%2Cspc%2Csvpuc%2Cns%2Csabr%2Crqh&sig=AHEqNM4wRAIgVYSpik3LvL3F-dWBUP57-rwYED2p-wiXQ4J6SinxAFoCIEcSoovbHiCJBn54aDqpAlh7dH4Mhf4USkuiS5dGNSlq&lsparams=cps%2Cmet%2Cmh%2Cmm%2Cmn%2Cms%2Cmv%2Cmvi%2Cpl%2Crms%2Cinitcwndbps&lsig=APaTxxMwRgIhAKc-r1Z_fg5qj_eiJgY68S2qHClGPLsjMq7qzEWhcNTZAiEA2T4ikWePM9BLTkUesTmgcA8pnUkRkjTHr65qtFF-4j0%3D&cpn=QaAseHoW8brQCHpO&cver=2.20260320.01.00&rn=1&alr=yes → 200 (6ms, 1027523B)
[2026-03-21T10:10:58.252Z] GET https://www.youtube.com/s/player/1ebf2aa6/player_ias.vflset/ko_KR/remote.js → 200 (344ms, 124928B)
[2026-03-21T10:10:58.252Z] GET https://www.youtube.com/s/player/1ebf2aa6/player_ias.vflset/ko_KR/miniplayer.js → 200 (264ms, 8507B)
[2026-03-21T10:10:58.252Z] GET https://www.youtube.com/s/player/1ebf2aa6/player_ias.vflset/ko_KR/captions.js → 200 (344ms, 82041B)
[2026-03-21T10:10:58.252Z] GET https://www.youtube.com/s/player/1ebf2aa6/player_ias.vflset/ko_KR/endscreen.js → 200 (344ms, 35851B)
[2026-03-21T10:10:58.252Z] POST https://www.youtube.com/youtubei/v1/account/get_setting_values?prettyPrint=false → 200 (345ms, 1200B)
[2026-03-21T10:10:58.262Z] GET https://i.ytimg.com/vi/9SLS0Xqe9KM/maxresdefault.jpg → 200 (251ms, 136498B)
[2026-03-21T10:10:58.263Z] GET https://accounts.google.com/ServiceLogin?service=youtube&uilel=3&passive=true&continue=https%3A%2F%2Fwww.youtube.com%2Fsignin%3Faction_handle_signin%3Dtrue%26app%3Ddesktop%26hl%3Dko%26next%3D%252Fsignin_passive%26feature%3Dpassive&hl=ko → 302 (190ms, ?B)
[2026-03-21T10:10:58.270Z] POST https://www.youtube.com/api/stats/qoe?fmt=397&afmt=251&cpn=QaAseHoW8brQCHpO&el=detailpage&ns=yt&fexp=v1%2C24004644%2C15321210%2C11684381%2C53408%2C9105%2C22730%2C2821%2C106030%2C18644%2C77203%2C65%2C13917%2C26504%2C9252%2C3479%2C13030%2C23206%2C15179%2C54662%2C8206%2C2625%2C1904%2C18126%2C9720%2C5385%2C25059%2C4174%2C12720%2C16963%2C764%2C13517%2C5188%2C1734%2C19703%2C4571%2C1628%2C8249%2C1161%2C1978%2C16087%2C9404%2C23826%2C9500%2C1840%2C1058%2C3%2C11544%2C2178%2C5927%2C1764%2C2085%2C3726%2C3236%2C2724%2C1365%2C516%2C725%2C8864%2C13160%2C5791%2C11041%2C2452%2C460%2C991%2C456%2C329%2C7376%2C763%2C8914%2C747%2C1155%2C698%2C1037%2C9739%2C4602%2C1170%2C132%2C1062%2C2294%2C953%2C2754%2C3357%2C1489%2C7784%2C3939%2C3173%2C3285%2C1439%2C88%2C7663%2C220%2C319&cl=885186571&seq=1&docid=9SLS0Xqe9KM&ei=sG6-aZ6zNvCv1d8PzrO6yQw&event=streamingstats&feature=youtu.be&plid=AAZNhgSC27IKjZpa&sdetail=f%3Ayoutu.be%2C&stmp=vb%3A1&cbrand=apple&cbr=HeadlessChrome&cbrver=145.0.7632.6&c=WEB&cver=2.20260320.01.00&cplayer=UNIPLAYER&cos=Macintosh&cosver=10_15_7&cplatform=DESKTOP&vps=0.000:N,0.027:B,0.057:N,0.076:N&cat=streaming,mta,sabr&ctmp=esfw:usbc.1;hsu.1,dompaused:t.60;r.promise;m.NotAllowedError,atrkchg:t.75;id.ko.4;m.0&cmt=0.027:0.000,0.057:0.000,0.076:0.000&vfs=0.076:397:397::a:sms.2:CAEoAQ&view=0.076:830:467&bwm=0.076:207437:0.061&bwe=0.076:602931&bat=0.076:1:1&vis=0.076:0&bh=0.076:0.000&qclc=ChBRYUFzZUhvVzhiclFDSHBPEAE → 204 (328ms, ?B)
[2026-03-21T10:10:58.453Z] GET https://accounts.google.com/InteractiveLogin?continue=https://www.youtube.com/signin?action_handle_signin%3Dtrue%26app%3Ddesktop%26hl%3Dko%26next%3D%252Fsignin_passive%26feature%3Dpassive&hl=ko&passive=true&service=youtube&uilel=3&dsh=S-1627158189:1774087858422909 → 302 (89ms, ?B)
[2026-03-21T10:10:58.542Z] GET https://accounts.google.com/v3/signin/identifier?continue=https%3A%2F%2Fwww.youtube.com%2Fsignin%3Faction_handle_signin%3Dtrue%26app%3Ddesktop%26hl%3Dko%26next%3D%252Fsignin_passive%26feature%3Dpassive&dsh=S-1627158189%3A1774087858422909&hl=ko&passive=true&service=youtube&uilel=3&flowName=WebLiteSignIn&flowEntry=ServiceLogin&ifkv=ASfE1-puXPY0yK6EL38Do3isn-sfB_R6BAEnQH3Hthm8pwxNrSRqAjMA8rlDD5pEZCe6NPlNHtxCfA → pending (?ms, ?B)
[2026-03-21T10:10:58.598Z] GET https://www.youtube.com/s/search/audio/failure.mp3 → pending (?ms, ?B)
[2026-03-21T10:10:58.598Z] GET https://www.youtube.com/s/search/audio/no_input.mp3 → pending (?ms, ?B)
[2026-03-21T10:10:58.598Z] GET https://www.youtube.com/s/search/audio/open.mp3 → pending (?ms, ?B)
[2026-03-21T10:10:58.598Z] GET https://www.youtube.com/s/search/audio/success.mp3 → pending (?ms, ?B)
[2026-03-21T10:10:58.598Z] GET https://www.google.com/js/th/84y5LhIataMJ3qZKPHJZAszDzBmT5S8si60R_iOg5SA.js → pending (?ms, ?B)
[2026-03-21T10:10:58.602Z] POST https://rr1---sn-ab02a0nfpgxapox-bh26r.googlevideo.com/videoplayback?expire=1774109456&ei=sG6-aZ6zNvCv1d8PzrO6yQw&ip=122.40.157.62&id=o-AB1ghs5P_VZgY0_EVh4ZWmcokkX2UfYewBemjagERt0L&source=youtube&requiressl=yes&xpc=EgVo2aDSNQ%3D%3D&cps=558&met=1774087856%2C&mh=Bk&mm=31%2C29&mn=sn-ab02a0nfpgxapox-bh26r%2Csn-ab02a0nfpgxapox-jwwk&ms=au%2Crdu&mv=m&mvi=1&pl=24&rms=au%2Cau&initcwndbps=4606250&spc=6dlaFEQjpBfkNjqV-vevjwl7zMIxd3q8LKSton5emDWWDQL1KsVb7UyTPCyHoCs98cmPVg&svpuc=1&ns=gbrPuk2TFPox2eyiAvBbAqcT&sabr=1&rqh=1&mt=1774087284&fvip=5&keepalive=yes&fexp=51565116%2C51565681%2C51791334&c=WEB&n=zIikme_sAGwtPQ&sparams=expire%2Cei%2Cip%2Cid%2Csource%2Crequiressl%2Cxpc%2Cspc%2Csvpuc%2Cns%2Csabr%2Crqh&sig=AHEqNM4wRAIgVYSpik3LvL3F-dWBUP57-rwYED2p-wiXQ4J6SinxAFoCIEcSoovbHiCJBn54aDqpAlh7dH4Mhf4USkuiS5dGNSlq&lsparams=cps%2Cmet%2Cmh%2Cmm%2Cmn%2Cms%2Cmv%2Cmvi%2Cpl%2Crms%2Cinitcwndbps&lsig=APaTxxMwRgIhAKc-r1Z_fg5qj_eiJgY68S2qHClGPLsjMq7qzEWhcNTZAiEA2T4ikWePM9BLTkUesTmgcA8pnUkRkjTHr65qtFF-4j0%3D&cpn=QaAseHoW8brQCHpO&cver=2.20260320.01.00&rn=2&alr=yes → 200 (1ms, 185B)
[2026-03-21T10:10:58.602Z] GET https://www.gstatic.com/cv/js/sender/v1/cast_sender.js → pending (?ms, ?B)
[2026-03-21T10:10:58.664Z] GET https://www.google.com/images/branding/googlelogo/1x/googlelogo_color_150x54dp.png → 200 (227ms, 3170B)
[2026-03-21T10:10:58.942Z] GET https://www.youtube.com/generate_204?Sz5fzw → 204 (69ms, ?B)
[2026-03-21T10:10:58.949Z] POST https://www.youtube.com/api/jnn/v1/GenerateIT → 200 (94ms, 102B)
[2026-03-21T10:10:59.130Z] GET https://googleads.g.doubleclick.net/pagead/id → 302 (241ms, ?B)
[2026-03-21T10:10:59.138Z] GET https://www.gstatic.com/inputtools/images/tia.png → 200 (69ms, 151B)
[2026-03-21T10:10:59.145Z] GET https://rr4---sn-q4fl6ndl.googlevideo.com/videoplayback?expire=7869017158&ei=aXwVHHOT7KiBcSOlzopMFF8&ip=26.24.11.90&id=o-AFwhGCxvMl7iLAjJjZv43qj6UYuOrbLudYkU1a0AiRhlc&itag=18&source=youtube&requiressl=yes&mh=X6&mm=754%2C30107%2C56552&mn=vyX1p%2C9KaTx%2C0gvef&ms=vyX1p%2C9KaTx%2C0gvef&mv=0&mvi=9&pl=31&ctier=L&initcwndbps=7471288&siu=9&spc=bHjA9ajAmpzD3oFptyeWcrSvawJyVtTze71SPsw84Cg-&vprv=9&svpuc=9&mime=video%2Fmp4&ns=PYpPXcmXSUtubvufKPYFRh9b&cnr=31&ratebypass=yes&dur=23832393&lmt=0292746654226766&mt=7869017158&fvip=3&c=WEB&txp=7471288&n=FILsJoyG2_Pxog9v&sparams=expire%2Cei%2Cip%2Cid%2Citag%2Csource%2Crequiressl%2Cctier%2Csiu%2Cspc%2Cvprv%2Csvpuc%2Cmime%2Cns%2Ccnr%2Cratebypass%2Cdur%2Clmt&sig=NPWe_ag2JLdLzRjaE76OAhG5ZkViIi9pQ8RvGF80pl_b6Y30Ltb6CatgeK9-I6DBFFBfhVVyMdv6R5_htEA6n4phLhD-5sHy4pXub3Ym_1Ko&lsparams=mh%2Cmm%2Cmn%2Cms%2Cmv%2Cmvi%2Cpl%2Cinitcwndbps&lsig=NPWe_ag2JLdLzRjaE76OAhG5ZkViIi9pQ8RvGF80pl_b6Y30Ltb6CatgeK9-I6DBFFBfhVVyMdv6R5_htEA6n4phLhD-5sHy4pXub3Ym_1Ko → 403 (458ms, ?B)
[2026-03-21T10:10:59.145Z] GET https://rr4---sn-q4fl6ndl.googlevideo.com/videoplayback?expire=7869017158&ei=aXwVHHOT7KiBcSOlzopMFF8&ip=26.24.11.90&id=o-AFwhGCxvMl7iLAjJjZv43qj6UYuOrbLudYkU1a0AiRhlc&itag=18&source=youtube&requiressl=yes&mh=X6&mm=754%2C30107%2C56552&mn=vyX1p%2C9KaTx%2C0gvef&ms=vyX1p%2C9KaTx%2C0gvef&mv=0&mvi=9&pl=31&initcwndbps=7471288&siu=9&spc=bHjA9ajAmpzD3oFptyeWcrSvawJyVtTze71SPsw84Cg-&vprv=9&svpuc=9&mime=video%2Fmp4&ns=PYpPXcmXSUtubvufKPYFRh9b&cnr=31&ratebypass=yes&dur=23832393&lmt=0292746654226766&mt=7869017158&fvip=3&c=WEB&txp=7471288&n=FILsJoyG2_Pxog9v&sparams=expire%2Cei%2Cip%2Cid%2Citag%2Csource%2Crequiressl%2Csiu%2Cspc%2Cvprv%2Csvpuc%2Cmime%2Cns%2Ccnr%2Cratebypass%2Cdur%2Clmt&sig=NPWe_ag2JLdLzRjaE76OAhG5ZkViIi9pQ8RvGF80pl_b6Y30Ltb6CatgeK9-I6DBFFBfhVVyMdv6R5_htEA6n4phLhD-5sHy4pXub3Ym_1Ko&lsparams=mh%2Cmm%2Cmn%2Cms%2Cmv%2Cmvi%2Cpl%2Cinitcwndbps&lsig=NPWe_ag2JLdLzRjaE76OAhG5ZkViIi9pQ8RvGF80pl_b6Y30Ltb6CatgeK9-I6DBFFBfhVVyMdv6R5_htEA6n4phLhD-5sHy4pXub3Ym_1Ko → 403 (458ms, ?B)
[2026-03-21T10:10:59.162Z] GET https://static.doubleclick.net/instream/ad_status.js → 200 (253ms, 29B)
[2026-03-21T10:10:59.162Z] GET https://fonts.gstatic.com/s/i/youtube_outline_experimental/search/v15/24px.svg → 200 (205ms, 288B)
[2026-03-21T10:10:59.162Z] GET https://fonts.gstatic.com/s/i/youtube_outline_experimental/menu/v1/24px.svg → 200 (206ms, 224B)
[2026-03-21T10:10:59.162Z] GET https://www.gstatic.com/youtube/img/icons/web/youtube_fill/yt-logo-updated/v3/24px.svg → 200 (206ms, 3313B)
[2026-03-21T10:10:59.364Z] GET https://www.youtube.com/s/desktop/1dd30f43/jsbin/lottie-light.vflset/lottie-light.js → 200 (52ms, 212584B)
[2026-03-21T10:10:59.371Z] GET https://googleads.g.doubleclick.net/pagead/id?slf_rd=1 → 200 (100ms, 100B)
[2026-03-21T10:10:59.372Z] GET https://i.ytimg.com/vi/Qvv1CHw-on8/hqdefault.jpg?sqp=-oaymwEmCKgBEF5IWvKriqkDGQgBFQAAiEIYAdgBAeIBCggYEAIYBjgBQAE=&rs=AOn4CLCcGzQqPNvyRpSBxN7HZZc-RDj8LQ → 200 (88ms, 5470B)
[2026-03-21T10:10:59.372Z] GET https://yt3.ggpht.com/28Vh0k_c2gHHbNOnFJku1bBE30NygQypPai16M79FUjevomXetr66op9Qdl9v6dxnUhPG4ZEAQ=s48-c-k-c0x00ffffff-no-rj → 200 (167ms, 1177B)
[2026-03-21T10:10:59.390Z] GET https://fonts.googleapis.com/css?family=Roboto:300italic,400italic,500italic,700italic → 200 (70ms, 21836B)
[2026-03-21T10:10:59.390Z] GET https://fonts.googleapis.com/css?family=Roboto+Mono:400 → 200 (70ms, 2239B)
[2026-03-21T10:10:59.390Z] GET https://www.google.com/pagead/lvz?evtid=ACd6KtxGbaorXepHp2bJ9EgV9LmAP_9-_noYmb7wII3-TPo4KUhxnHID5QSofJDrfPdDDQYxcmUwhiF1jG2mWV7cYWfPLPhXyw&req_ts=1774087857&pg=MainAppBootstrap%3AWatch&az=1&sigh=AB9vU40Fh65Hp3ac3eJSOis4WT2EUqRwlA → 200 (87ms, 42B)
[2026-03-21T10:10:59.390Z] GET https://www.google.co.kr/pagead/lvz?evtid=ACd6KtxGbaorXepHp2bJ9EgV9LmAP_9-_noYmb7wII3-TPo4KUhxnHID5QSofJDrfPdDDQYxcmUwhiF1jG2mWV7cYWfPLPhXyw&req_ts=1774087857&pg=MainAppBootstrap%3AWatch&az=1&sigh=AB9vU40Fh65Hp3ac3eJSOis4WT2EUqRwlA → pending (?ms, ?B)
[2026-03-21T10:10:59.390Z] GET https://i.ytimg.com/vi/_5sbWIeBQLk/hqdefault.jpg?sqp=-oaymwEmCKgBEF5IWvKriqkDGQgBFQAAiEIYAdgBAeIBCggYEAIYBjgBQAE=&rs=AOn4CLAu2N4xz49u_u28FKeqkRa0fTKV3w → 200 (70ms, 3876B)
[2026-03-21T10:10:59.404Z] GET https://www.youtube.com/s/player/1ebf2aa6/player_ias.vflset/ko_KR/annotations_module.js → 200 (73ms, 71366B)
[2026-03-21T10:10:59.415Z] GET https://i.ytimg.com/vi/GvuZPet6y_0/hqdefault.jpg?sqp=-oaymwEmCKgBEF5IWvKriqkDGQgBFQAAiEIYAdgBAeIBCggYEAIYBjgBQAE=&rs=AOn4CLAJ3g3-myXsfQyyqV2ZbfqWbPgFug → 200 (45ms, 5365B)
[2026-03-21T10:10:59.469Z] GET https://www.gstatic.com/youtube/img/lottie/subscribe_action/subscribe_action_container_light_v5.json → 200 (72ms, 3612B)
[2026-03-21T10:10:59.469Z] GET https://www.gstatic.com/youtube/img/lottie/subscribe_action/subscribe_action_sparkles_light_v4.json → 200 (74ms, 23163B)
[2026-03-21T10:10:59.477Z] GET https://i.ytimg.com/vi/iRBTc1H3Opg/hqdefault.jpg?sqp=-oaymwEmCKgBEF5IWvKriqkDGQgBFQAAiEIYAdgBAeIBCggYEAIYBjgBQAE=&rs=AOn4CLCrtHpMW-6iKO3nUi9jrhIYjhEbtQ → 200 (45ms, 8148B)
[2026-03-21T10:10:59.477Z] GET https://i.ytimg.com/vi/jEhgpxrwFsQ/hqdefault.jpg?sqp=-oaymwEmCKgBEF5IWvKriqkDGQgBFQAAiEIYAdgBAeIBCggYEAIYBjgBQAE=&rs=AOn4CLDeNs7im7SMdM16S3qQEzEGwqoeAA → 200 (66ms, 4068B)
[2026-03-21T10:10:59.477Z] GET https://i.ytimg.com/vi/2eqPBLgVH0U/hqdefault.jpg?sqp=-oaymwEmCKgBEF5IWvKriqkDGQgBFQAAiEIYAdgBAeIBCggYEAIYBjgBQAE=&rs=AOn4CLAdesPP1elQbrGx_fNfSezPOQomhg → 200 (43ms, 5348B)
[2026-03-21T10:10:59.481Z] GET https://youtube.com/ → pending (?ms, ?B)
[2026-03-21T10:10:59.494Z] GET https://i.ytimg.com/vi/M2mF6S2r1y0/hqdefault.jpg?sqp=-oaymwEmCKgBEF5IWvKriqkDGQgBFQAAiEIYAdgBAeIBCggYEAIYBjgBQAE=&rs=AOn4CLCf15l13VZlWKLTgJb2mJHLdVPWjA → 200 (45ms, 8861B)
[2026-03-21T10:10:59.589Z] GET https://googleads.g.doubleclick.net/pagead/id → pending (?ms, ?B)
[2026-03-21T10:10:59.589Z] GET https://www.youtube.com/s/_/ytmainappweb/_/js/k=ytmainappweb.kevlar_base.en_US.JbmmcZyWZvc.es5.O/am=AAAAAgAAkA/d=1/exm=kevlar_base_module,kevlar_main_module/ed=1/br=1/rs=AGKMywHS9YSEvQrQhCuiwb7h60trkSOKKA/m=QlbBce → pending (?ms, ?B)
[2026-03-21T10:10:59.590Z] GET https://fonts.gstatic.com/s/i/youtube_outline_experimental/x/v11/24px.svg → pending (?ms, ?B)
[2026-03-21T10:10:59.590Z] GET https://fonts.gstatic.com/s/i/youtube_outline_experimental/overflow_horizontal/v6/24px.svg → pending (?ms, ?B)
[2026-03-21T10:10:59.590Z] GET https://fonts.gstatic.com/s/i/youtube_outline_experimental/bookmark/v10/24px.svg → pending (?ms, ?B)
[2026-03-21T10:10:59.590Z] GET https://fonts.gstatic.com/s/i/youtube_outline_experimental/download/v11/24px.svg → pending (?ms, ?B)
[2026-03-21T10:10:59.591Z] GET https://fonts.gstatic.com/s/i/youtube_outline_experimental/share/v12/24px.svg → pending (?ms, ?B)
[2026-03-21T10:10:59.591Z] GET https://fonts.gstatic.com/s/i/youtube_outline_experimental/chevron_down/v9/24px.svg → pending (?ms, ?B)
[2026-03-21T10:10:59.591Z] GET https://fonts.gstatic.com/s/i/youtube_outline_experimental/arrow_up/v3/24px.svg → pending (?ms, ?B)
[2026-03-21T10:10:59.591Z] GET https://fonts.gstatic.com/s/i/youtube_outline_experimental/repeat/v2/24px.svg → pending (?ms, ?B)
[2026-03-21T10:10:59.591Z] GET https://fonts.gstatic.com/s/i/youtube_outline_experimental/video/v3/24px.svg → pending (?ms, ?B)
[2026-03-21T10:10:59.591Z] GET https://fonts.gstatic.com/s/i/youtube_outline_experimental/person_square/v2/24px.svg → pending (?ms, ?B)
[2026-03-21T10:10:59.591Z] GET https://fonts.gstatic.com/s/i/youtube_outline_experimental/overflow_vertical/v13/24px.svg → pending (?ms, ?B)
[2026-03-21T10:10:59.591Z] GET https://fonts.gstatic.com/s/i/youtube_outline_experimental/location_pin/v2/24px.svg → pending (?ms, ?B)
[2026-03-21T10:10:59.591Z] GET https://fonts.gstatic.com/s/i/youtube_outline_experimental/thumb_down/v25/24px.svg → pending (?ms, ?B)
[2026-03-21T10:10:59.592Z] GET https://fonts.gstatic.com/s/i/youtube_outline_experimental/bell/v11/24px.svg → pending (?ms, ?B)
[2026-03-21T10:10:59.592Z] GET https://fonts.gstatic.com/s/i/youtube_outline_experimental/chevron_left/v9/24px.svg → pending (?ms, ?B)
[2026-03-21T10:10:59.592Z] GET https://fonts.gstatic.com/s/i/youtube_outline_experimental/chevron_right/v7/24px.svg → pending (?ms, ?B)
[2026-03-21T10:10:59.592Z] GET https://fonts.gstatic.com/s/i/youtube_outline_experimental/sort/v2/24px.svg → pending (?ms, ?B)
[2026-03-21T10:10:59.592Z] GET https://fonts.gstatic.com/s/i/youtube_outline_experimental/thumb_up/v23/24px.svg → pending (?ms, ?B)
[2026-03-21T10:10:59.592Z] GET https://fonts.gstatic.com/s/i/youtube_outline_experimental/mic/v14/24px.svg → pending (?ms, ?B)
[2026-03-21T10:10:59.592Z] GET https://fonts.gstatic.com/s/i/youtube_outline_experimental/person_circle/v10/24px.svg → pending (?ms, ?B)
[2026-03-21T10:10:59.592Z] GET https://fonts.gstatic.com/s/i/youtube_outline_experimental/text_bubble/v3/24px.svg → pending (?ms, ?B)
[2026-03-21T10:10:59.592Z] GET https://fonts.gstatic.com/s/i/youtube_fill_experimental/check_circle/v10/24px.svg → pending (?ms, ?B)
[2026-03-21T10:10:59.602Z] POST https://www.youtube.com/youtubei/v1/log_event?alt=json → pending (?ms, ?B)
[2026-03-21T10:10:59.603Z] GET https://rr4---sn-q4fl6ndl.googlevideo.com/videoplayback?expire=7869017158&ei=aXwVHHOT7KiBcSOlzopMFF8&ip=26.24.11.90&id=o-AFwhGCxvMl7iLAjJjZv43qj6UYuOrbLudYkU1a0AiRhlc&itag=18&source=youtube&requiressl=yes&mh=X6&mm=754%2C30107%2C56552&mn=vyX1p%2C9KaTx%2C0gvef&ms=vyX1p%2C9KaTx%2C0gvef&mv=0&mvi=9&pl=31&ctier=L&initcwndbps=7471288&siu=9&spc=bHjA9ajAmpzD3oFptyeWcrSvawJyVtTze71SPsw84Cg-&vprv=9&svpuc=9&mime=video%2Fmp4&ns=PYpPXcmXSUtubvufKPYFRh9b&cnr=31&ratebypass=yes&dur=23832393&lmt=0292746654226766&mt=7869017158&fvip=3&c=WEB&txp=7471288&n=FILsJoyG2_Pxog9v&sparams=expire%2Cei%2Cip%2Cid%2Citag%2Csource%2Crequiressl%2Cctier%2Csiu%2Cspc%2Cvprv%2Csvpuc%2Cmime%2Cns%2Ccnr%2Cratebypass%2Cdur%2Clmt&sig=NPWe_ag2JLdLzRjaE76OAhG5ZkViIi9pQ8RvGF80pl_b6Y30Ltb6CatgeK9-I6DBFFBfhVVyMdv6R5_htEA6n4phLhD-5sHy4pXub3Ym_1Ko&lsparams=mh%2Cmm%2Cmn%2Cms%2Cmv%2Cmvi%2Cpl%2Cinitcwndbps&lsig=NPWe_ag2JLdLzRjaE76OAhG5ZkViIi9pQ8RvGF80pl_b6Y30Ltb6CatgeK9-I6DBFFBfhVVyMdv6R5_htEA6n4phLhD-5sHy4pXub3Ym_1Ko → pending (?ms, ?B)
[2026-03-21T10:10:59.603Z] GET https://rr4---sn-q4fl6ndl.googlevideo.com/videoplayback?expire=7869017158&ei=aXwVHHOT7KiBcSOlzopMFF8&ip=26.24.11.90&id=o-AFwhGCxvMl7iLAjJjZv43qj6UYuOrbLudYkU1a0AiRhlc&itag=18&source=youtube&requiressl=yes&mh=X6&mm=754%2C30107%2C56552&mn=vyX1p%2C9KaTx%2C0gvef&ms=vyX1p%2C9KaTx%2C0gvef&mv=0&mvi=9&pl=31&initcwndbps=7471288&siu=9&spc=bHjA9ajAmpzD3oFptyeWcrSvawJyVtTze71SPsw84Cg-&vprv=9&svpuc=9&mime=video%2Fmp4&ns=PYpPXcmXSUtubvufKPYFRh9b&cnr=31&ratebypass=yes&dur=23832393&lmt=0292746654226766&mt=7869017158&fvip=3&c=WEB&txp=7471288&n=FILsJoyG2_Pxog9v&sparams=expire%2Cei%2Cip%2Cid%2Citag%2Csource%2Crequiressl%2Csiu%2Cspc%2Cvprv%2Csvpuc%2Cmime%2Cns%2Ccnr%2Cratebypass%2Cdur%2Clmt&sig=NPWe_ag2JLdLzRjaE76OAhG5ZkViIi9pQ8RvGF80pl_b6Y30Ltb6CatgeK9-I6DBFFBfhVVyMdv6R5_htEA6n4phLhD-5sHy4pXub3Ym_1Ko&lsparams=mh%2Cmm%2Cmn%2Cms%2Cmv%2Cmvi%2Cpl%2Cinitcwndbps&lsig=NPWe_ag2JLdLzRjaE76OAhG5ZkViIi9pQ8RvGF80pl_b6Y30Ltb6CatgeK9-I6DBFFBfhVVyMdv6R5_htEA6n4phLhD-5sHy4pXub3Ym_1Ko → pending (?ms, ?B)
[2026-03-21T10:10:59.671Z] GET https://www.youtube.com/s/_/ytmainappweb/_/js/k=ytmainappweb.kevlar_base.en_US.JbmmcZyWZvc.es5.O/am=AAAAAgAAkA/d=1/exm=QlbBce,kevlar_base_module,kevlar_main_module/ed=1/br=1/rs=AGKMywHS9YSEvQrQhCuiwb7h60trkSOKKA/m=yTIahe → 200 (70ms, 1608B)
[2026-03-21T10:10:59.673Z] GET https://googleads.g.doubleclick.net/pagead/id?slf_rd=1 → 200 (81ms, 100B)
[2026-03-21T10:10:59.683Z] GET https://www.youtube.com/ → pending (?ms, ?B)
[2026-03-21T10:10:59.760Z] GET https://rr2---sn-hgn7rn7r.googlevideo.com/videoplayback?expire=3812432747&ei=BFdkfJs0l2pu1snFx58nSAt&ip=98.20.4.7&id=o-AFEpurZsTvTJU76mCwAtRsWVvXmHNWChKvGNn4XTmSQqa&itag=18&source=youtube&requiressl=yes&mh=X6&mm=161%2C00468%2C00446&mn=BV4ef%2CoB8vo%2CRtb29&ms=BV4ef%2CoB8vo%2CRtb29&mv=x&mvi=7&pl=67&ctier=L&initcwndbps=8627773&siu=7&spc=n3lDTiMKJYM9fOH7UbWdn504we-aYk4gLdkWwydPGsYk&vprv=7&svpuc=7&mime=video%2Fmp4&ns=rwZnBspUgTTHjHvXmfb0ujBa&cnr=67&ratebypass=yes&dur=90094858&lmt=6123882063988055&mt=3812432747&fvip=3&c=WEB&txp=8627773&n=uBSlMsCRmEwK1n1d&sparams=expire%2Cei%2Cip%2Cid%2Citag%2Csource%2Crequiressl%2Cctier%2Csiu%2Cspc%2Cvprv%2Csvpuc%2Cmime%2Cns%2Ccnr%2Cratebypass%2Cdur%2Clmt&sig=Oqk1UJTv9QISvcXmCVotlfk97DumKvXfBFSVAyiMbpBCRALRZKySEXCyE0kOpTmB6fWu8jRo1vditrsQqL8jhc_SvGnsTHME0o80Dpv--9hv&lsparams=mh%2Cmm%2Cmn%2Cms%2Cmv%2Cmvi%2Cpl%2Cinitcwndbps&lsig=Oqk1UJTv9QISvcXmCVotlfk97DumKvXfBFSVAyiMbpBCRALRZKySEXCyE0kOpTmB6fWu8jRo1vditrsQqL8jhc_SvGnsTHME0o80Dpv--9hv → 403 (653ms, ?B)
[2026-03-21T10:10:59.760Z] GET https://rr2---sn-hgn7rn7r.googlevideo.com/videoplayback?expire=3812432747&ei=BFdkfJs0l2pu1snFx58nSAt&ip=98.20.4.7&id=o-AFEpurZsTvTJU76mCwAtRsWVvXmHNWChKvGNn4XTmSQqa&itag=18&source=youtube&requiressl=yes&mh=X6&mm=161%2C00468%2C00446&mn=BV4ef%2CoB8vo%2CRtb29&ms=BV4ef%2CoB8vo%2CRtb29&mv=x&mvi=7&pl=67&initcwndbps=8627773&siu=7&spc=n3lDTiMKJYM9fOH7UbWdn504we-aYk4gLdkWwydPGsYk&vprv=7&svpuc=7&mime=video%2Fmp4&ns=rwZnBspUgTTHjHvXmfb0ujBa&cnr=67&ratebypass=yes&dur=90094858&lmt=6123882063988055&mt=3812432747&fvip=3&c=WEB&txp=8627773&n=uBSlMsCRmEwK1n1d&sparams=expire%2Cei%2Cip%2Cid%2Citag%2Csource%2Crequiressl%2Csiu%2Cspc%2Cvprv%2Csvpuc%2Cmime%2Cns%2Ccnr%2Cratebypass%2Cdur%2Clmt&sig=Oqk1UJTv9QISvcXmCVotlfk97DumKvXfBFSVAyiMbpBCRALRZKySEXCyE0kOpTmB6fWu8jRo1vditrsQqL8jhc_SvGnsTHME0o80Dpv--9hv&lsparams=mh%2Cmm%2Cmn%2Cms%2Cmv%2Cmvi%2Cpl%2Cinitcwndbps&lsig=Oqk1UJTv9QISvcXmCVotlfk97DumKvXfBFSVAyiMbpBCRALRZKySEXCyE0kOpTmB6fWu8jRo1vditrsQqL8jhc_SvGnsTHME0o80Dpv--9hv → 403 (653ms, ?B)
[2026-03-21T10:10:59.823Z] GET https://rr4---sn-q4fl6ndl.googlevideo.com/videoplayback?expire=7869017158&ei=aXwVHHOT7KiBcSOlzopMFF8&ip=26.24.11.90&id=o-AFwhGCxvMl7iLAjJjZv43qj6UYuOrbLudYkU1a0AiRhlc&itag=18&source=youtube&requiressl=yes&mh=X6&mm=754%2C30107%2C56552&mn=vyX1p%2C9KaTx%2C0gvef&ms=vyX1p%2C9KaTx%2C0gvef&mv=0&mvi=9&pl=31&ctier=L&initcwndbps=7471288&siu=9&spc=bHjA9ajAmpzD3oFptyeWcrSvawJyVtTze71SPsw84Cg-&vprv=9&svpuc=9&mime=video%2Fmp4&ns=PYpPXcmXSUtubvufKPYFRh9b&cnr=31&ratebypass=yes&dur=23832393&lmt=0292746654226766&mt=7869017158&fvip=3&c=WEB&txp=7471288&n=FILsJoyG2_Pxog9v&sparams=expire%2Cei%2Cip%2Cid%2Citag%2Csource%2Crequiressl%2Cctier%2Csiu%2Cspc%2Cvprv%2Csvpuc%2Cmime%2Cns%2Ccnr%2Cratebypass%2Cdur%2Clmt&sig=NPWe_ag2JLdLzRjaE76OAhG5ZkViIi9pQ8RvGF80pl_b6Y30Ltb6CatgeK9-I6DBFFBfhVVyMdv6R5_htEA6n4phLhD-5sHy4pXub3Ym_1Ko&lsparams=mh%2Cmm%2Cmn%2Cms%2Cmv%2Cmvi%2Cpl%2Cinitcwndbps&lsig=NPWe_ag2JLdLzRjaE76OAhG5ZkViIi9pQ8RvGF80pl_b6Y30Ltb6CatgeK9-I6DBFFBfhVVyMdv6R5_htEA6n4phLhD-5sHy4pXub3Ym_1Ko → 403 (224ms, ?B)
[2026-03-21T10:10:59.823Z] GET https://rr4---sn-q4fl6ndl.googlevideo.com/videoplayback?expire=7869017158&ei=aXwVHHOT7KiBcSOlzopMFF8&ip=26.24.11.90&id=o-AFwhGCxvMl7iLAjJjZv43qj6UYuOrbLudYkU1a0AiRhlc&itag=18&source=youtube&requiressl=yes&mh=X6&mm=754%2C30107%2C56552&mn=vyX1p%2C9KaTx%2C0gvef&ms=vyX1p%2C9KaTx%2C0gvef&mv=0&mvi=9&pl=31&initcwndbps=7471288&siu=9&spc=bHjA9ajAmpzD3oFptyeWcrSvawJyVtTze71SPsw84Cg-&vprv=9&svpuc=9&mime=video%2Fmp4&ns=PYpPXcmXSUtubvufKPYFRh9b&cnr=31&ratebypass=yes&dur=23832393&lmt=0292746654226766&mt=7869017158&fvip=3&c=WEB&txp=7471288&n=FILsJoyG2_Pxog9v&sparams=expire%2Cei%2Cip%2Cid%2Citag%2Csource%2Crequiressl%2Csiu%2Cspc%2Cvprv%2Csvpuc%2Cmime%2Cns%2Ccnr%2Cratebypass%2Cdur%2Clmt&sig=NPWe_ag2JLdLzRjaE76OAhG5ZkViIi9pQ8RvGF80pl_b6Y30Ltb6CatgeK9-I6DBFFBfhVVyMdv6R5_htEA6n4phLhD-5sHy4pXub3Ym_1Ko&lsparams=mh%2Cmm%2Cmn%2Cms%2Cmv%2Cmvi%2Cpl%2Cinitcwndbps&lsig=NPWe_ag2JLdLzRjaE76OAhG5ZkViIi9pQ8RvGF80pl_b6Y30Ltb6CatgeK9-I6DBFFBfhVVyMdv6R5_htEA6n4phLhD-5sHy4pXub3Ym_1Ko → 403 (224ms, ?B)
[2026-03-21T10:11:00.173Z] GET https://fonts.gstatic.com/s/i/youtube_fill_experimental/add_circle/v6/24px.svg → 200 (60ms, 292B)
[2026-03-21T10:11:00.173Z] GET https://fonts.gstatic.com/s/i/youtube_outline_experimental/add_circle/v6/24px.svg → 200 (60ms, 312B)
[2026-03-21T10:11:00.173Z] GET https://fonts.gstatic.com/s/i/youtube_outline_experimental/alert_bubble/v2/24px.svg → 200 (60ms, 418B)
[2026-03-21T10:11:00.173Z] GET https://fonts.gstatic.com/s/i/youtube_fill_experimental/audio/v14/24px.svg → 200 (60ms, 251B)
[2026-03-21T10:11:00.174Z] GET https://fonts.gstatic.com/s/i/youtube_outline_experimental/audio/v14/24px.svg → 200 (59ms, 329B)
[2026-03-21T10:11:00.174Z] GET https://fonts.gstatic.com/s/i/youtube_fill_experimental/bag/v7/24px.svg → 200 (108ms, 518B)
[2026-03-21T10:11:00.174Z] GET https://fonts.gstatic.com/s/i/youtube_outline_experimental/bag/v7/24px.svg → 200 (119ms, 559B)
[2026-03-21T10:11:00.174Z] GET https://fonts.gstatic.com/s/i/youtube_fill_experimental/bell/v11/24px.svg → 200 (120ms, 331B)
[2026-03-21T10:11:00.174Z] GET https://fonts.gstatic.com/s/i/youtube_fill_experimental/clapperboard/v3/24px.svg → 200 (108ms, 320B)
[2026-03-21T10:11:00.175Z] GET https://fonts.gstatic.com/s/i/youtube_outline_experimental/clapperboard/v3/24px.svg → 200 (107ms, 488B)
[2026-03-21T10:11:00.175Z] GET https://fonts.gstatic.com/s/i/youtube_fill_experimental/clock/v10/24px.svg → 200 (107ms, 281B)
[2026-03-21T10:11:00.175Z] GET https://fonts.gstatic.com/s/i/youtube_outline_experimental/clock/v10/24px.svg → 200 (107ms, 311B)
[2026-03-21T10:11:00.175Z] GET https://fonts.gstatic.com/s/i/youtube_outline_experimental/copy/v3/24px.svg → 200 (58ms, 256B)
[2026-03-21T10:11:00.175Z] GET https://www.gstatic.com/youtube/img/icons/web/youtube_fill/creator_studio_red_logo/v2/24px.svg → 200 (80ms, 1158B)
[2026-03-21T10:11:00.176Z] GET https://fonts.gstatic.com/s/i/youtube_fill_experimental/fashion/v4/24px.svg → 200 (106ms, 482B)
[2026-03-21T10:11:00.176Z] GET https://fonts.gstatic.com/s/i/youtube_outline_experimental/fashion/v4/24px.svg → 200 (105ms, 464B)
[2026-03-21T10:11:00.176Z] GET https://fonts.gstatic.com/s/i/youtube_fill_experimental/flag/v10/24px.svg → 200 (105ms, 361B)
[2026-03-21T10:11:00.176Z] GET https://fonts.gstatic.com/s/i/youtube_outline_experimental/flag/v10/24px.svg → 200 (106ms, 508B)
[2026-03-21T10:11:00.176Z] GET https://fonts.gstatic.com/s/i/youtube_fill_experimental/gaming/v3/24px.svg → 200 (118ms, 501B)
[2026-03-21T10:11:00.176Z] GET https://fonts.gstatic.com/s/i/youtube_outline_experimental/gaming/v3/24px.svg → 200 (104ms, 548B)
[2026-03-21T10:11:00.177Z] GET https://fonts.gstatic.com/s/i/youtube_fill_experimental/gear/v10/24px.svg → 200 (104ms, 880B)
[2026-03-21T10:11:00.177Z] GET https://fonts.gstatic.com/s/i/youtube_outline_experimental/gear/v10/24px.svg → 200 (104ms, 992B)
[2026-03-21T10:11:00.177Z] GET https://fonts.gstatic.com/s/i/youtube_outline_experimental/help_circle/v2/24px.svg → 200 (101ms, 473B)
[2026-03-21T10:11:00.177Z] GET https://fonts.gstatic.com/s/i/youtube_outline_experimental/history/v1/24px.svg → 200 (101ms, 366B)
[2026-03-21T10:11:00.177Z] GET https://fonts.gstatic.com/s/i/youtube_fill_experimental/home/v10/24px.svg → 200 (101ms, 274B)
[2026-03-21T10:11:00.178Z] GET https://fonts.gstatic.com/s/i/youtube_outline_experimental/home/v10/24px.svg → 200 (85ms, 360B)
[2026-03-21T10:11:00.178Z] GET https://fonts.gstatic.com/s/i/youtube_fill_experimental/lightbulb/v4/24px.svg → 200 (100ms, 201B)
[2026-03-21T10:11:00.179Z] GET https://fonts.gstatic.com/s/i/youtube_outline_experimental/lightbulb/v4/24px.svg → 200 (103ms, 291B)
[2026-03-21T10:11:00.179Z] GET https://fonts.gstatic.com/s/i/youtube_outline_experimental/live/v1/24px.svg → 200 (99ms, 569B)
[2026-03-21T10:11:00.179Z] GET https://fonts.gstatic.com/s/i/youtube_fill_experimental/mic/v14/24px.svg → 200 (95ms, 373B)
[2026-03-21T10:11:00.179Z] GET https://fonts.gstatic.com/s/i/youtube_fill_experimental/news/v3/24px.svg → 200 (103ms, 329B)
[2026-03-21T10:11:00.180Z] GET https://fonts.gstatic.com/s/i/youtube_outline_experimental/news/v3/24px.svg → 200 (94ms, 388B)
[2026-03-21T10:11:00.180Z] GET https://www.gstatic.com/youtube/img/icons/web/youtube_fill/offline_no_content/v1/192px.svg → 200 (76ms, 11824B)
[2026-03-21T10:11:00.180Z] GET https://fonts.gstatic.com/s/i/youtube_fill_experimental/play_square_stack/v1/24px.svg → 200 (93ms, 256B)
[2026-03-21T10:11:00.180Z] GET https://fonts.gstatic.com/s/i/youtube_outline_experimental/play_square_stack/v1/24px.svg → 200 (98ms, 273B)
[2026-03-21T10:11:00.180Z] GET https://fonts.gstatic.com/s/i/youtube_outline_experimental/playlist/v5/24px.svg → 200 (83ms, 295B)
[2026-03-21T10:11:00.181Z] GET https://fonts.gstatic.com/s/i/youtube_fill_experimental/podcast/v6/24px.svg → 200 (92ms, 320B)
[2026-03-21T10:11:00.181Z] GET https://fonts.gstatic.com/s/i/youtube_outline_experimental/podcast/v6/24px.svg → 200 (93ms, 365B)
[2026-03-21T10:11:00.181Z] GET https://fonts.gstatic.com/s/i/youtube_fill_experimental/search/v15/24px.svg → 200 (101ms, 333B)
[2026-03-21T10:11:00.181Z] GET https://fonts.gstatic.com/s/i/youtube_fill_experimental/subscriptions/v12/24px.svg → 200 (101ms, 243B)
[2026-03-21T10:11:00.181Z] GET https://fonts.gstatic.com/s/i/youtube_outline_experimental/subscriptions/v12/24px.svg → 200 (101ms, 261B)
[2026-03-21T10:11:00.182Z] GET https://fonts.gstatic.com/s/i/youtube_fill_experimental/thumb_up/v23/24px.svg → 200 (112ms, 594B)
[2026-03-21T10:11:00.182Z] GET https://fonts.gstatic.com/s/i/youtube_fill_experimental/trash_can/v10/24px.svg → 200 (100ms, 317B)
[2026-03-21T10:11:00.182Z] GET https://fonts.gstatic.com/s/i/youtube_outline_experimental/trash_can/v10/24px.svg → 200 (91ms, 364B)
[2026-03-21T10:11:00.182Z] GET https://fonts.gstatic.com/s/i/youtube_fill_experimental/trending/v2/24px.svg → 200 (81ms, 314B)
[2026-03-21T10:11:00.182Z] GET https://fonts.gstatic.com/s/i/youtube_outline_experimental/trending/v2/24px.svg → 200 (111ms, 385B)
[2026-03-21T10:11:00.182Z] GET https://fonts.gstatic.com/s/i/youtube_fill_experimental/trophy/v3/24px.svg → 200 (100ms, 462B)
[2026-03-21T10:11:00.182Z] GET https://fonts.gstatic.com/s/i/youtube_outline_experimental/trophy/v3/24px.svg → 200 (91ms, 529B)
[2026-03-21T10:11:00.183Z] GET https://www.gstatic.com/youtube/img/icons/web/youtube_fill/unplugged_logo/v2/24px.svg → 200 (73ms, 554B)
[2026-03-21T10:11:00.183Z] GET https://fonts.gstatic.com/s/i/youtube_fill_experimental/video/v3/24px.svg → 200 (80ms, 209B)
[2026-03-21T10:11:00.183Z] GET https://fonts.gstatic.com/s/i/youtube_outline_experimental/video_camera_add/v2/24px.svg → 200 (99ms, 456B)
[2026-03-21T10:11:00.183Z] GET https://www.gstatic.com/youtube/img/icons/web/youtube_fill/youtube_kids_round/v2/24px.svg → 200 (73ms, 2824B)
[2026-03-21T10:11:00.183Z] GET https://www.gstatic.com/youtube/img/icons/web/youtube_fill/youtube_music/v2/24px.svg → 200 (81ms, 595B)
[2026-03-21T10:11:00.183Z] GET https://www.gstatic.com/youtube/img/icons/web/youtube_fill/youtube_round/v2/24px.svg → 200 (81ms, 610B)
[2026-03-21T10:11:00.184Z] GET https://fonts.gstatic.com/s/i/youtube_fill_experimental/youtube_shorts/v11/24px.svg → 200 (110ms, 415B)
[2026-03-21T10:11:00.184Z] GET https://fonts.gstatic.com/s/i/youtube_outline_experimental/youtube_shorts/v11/24px.svg → 200 (89ms, 709B)
[2026-03-21T10:11:00.184Z] GET https://fonts.gstatic.com/s/i/youtube_outline_experimental/arrow_down/v3/24px.svg → 200 (89ms, 249B)
[2026-03-21T10:11:00.185Z] GET https://fonts.gstatic.com/s/i/youtube_fill_experimental/pause/v9/24px.svg → 200 (88ms, 310B)
[2026-03-21T10:11:00.185Z] GET https://fonts.gstatic.com/s/i/youtube_fill_experimental/play/v4/24px.svg → 200 (88ms, 194B)
[2026-03-21T10:11:00.185Z] GET https://fonts.gstatic.com/s/i/youtube_outline_experimental/play/v4/24px.svg → 200 (109ms, 260B)
[2026-03-21T10:11:00.185Z] GET https://fonts.gstatic.com/s/i/youtube_fill_experimental/share/v12/24px.svg → 200 (87ms, 289B)
[2026-03-21T10:11:00.185Z] GET https://fonts.gstatic.com/s/i/youtube_fill_experimental/text_bubble/v3/24px.svg → 200 (109ms, 309B)
[2026-03-21T10:11:00.185Z] GET https://fonts.gstatic.com/s/i/youtube_fill_experimental/thumb_down/v25/24px.svg → 200 (109ms, 593B)
[2026-03-21T10:11:00.185Z] GET https://fonts.gstatic.com/s/i/youtube_fill_experimental/volume_max/v2/24px.svg → 200 (109ms, 453B)
[2026-03-21T10:11:00.185Z] GET https://fonts.gstatic.com/s/i/youtube_outline_experimental/volume_max/v2/24px.svg → 200 (97ms, 548B)
[2026-03-21T10:11:00.185Z] GET https://fonts.gstatic.com/s/i/youtube_fill_experimental/volume_mute/v2/24px.svg → 200 (97ms, 429B)
[2026-03-21T10:11:00.186Z] GET https://fonts.gstatic.com/s/i/youtube_outline_experimental/volume_mute/v2/24px.svg → 200 (108ms, 511B)
[2026-03-21T10:11:00.186Z] GET https://www.gstatic.com/youtube/img/icons/web/youtube_outline/waveform/v1/24px.svg → 200 (78ms, 511B)
[2026-03-21T10:11:00.413Z] GET https://rr2---sn-hgn7rn7r.googlevideo.com/videoplayback?expire=3812432747&ei=BFdkfJs0l2pu1snFx58nSAt&ip=98.20.4.7&id=o-AFEpurZsTvTJU76mCwAtRsWVvXmHNWChKvGNn4XTmSQqa&itag=18&source=youtube&requiressl=yes&mh=X6&mm=161%2C00468%2C00446&mn=BV4ef%2CoB8vo%2CRtb29&ms=BV4ef%2CoB8vo%2CRtb29&mv=x&mvi=7&pl=67&ctier=L&initcwndbps=8627773&siu=7&spc=n3lDTiMKJYM9fOH7UbWdn504we-aYk4gLdkWwydPGsYk&vprv=7&svpuc=7&mime=video%2Fmp4&ns=rwZnBspUgTTHjHvXmfb0ujBa&cnr=67&ratebypass=yes&dur=90094858&lmt=6123882063988055&mt=3812432747&fvip=3&c=WEB&txp=8627773&n=uBSlMsCRmEwK1n1d&sparams=expire%2Cei%2Cip%2Cid%2Citag%2Csource%2Crequiressl%2Cctier%2Csiu%2Cspc%2Cvprv%2Csvpuc%2Cmime%2Cns%2Ccnr%2Cratebypass%2Cdur%2Clmt&sig=Oqk1UJTv9QISvcXmCVotlfk97DumKvXfBFSVAyiMbpBCRALRZKySEXCyE0kOpTmB6fWu8jRo1vditrsQqL8jhc_SvGnsTHME0o80Dpv--9hv&lsparams=mh%2Cmm%2Cmn%2Cms%2Cmv%2Cmvi%2Cpl%2Cinitcwndbps&lsig=Oqk1UJTv9QISvcXmCVotlfk97DumKvXfBFSVAyiMbpBCRALRZKySEXCyE0kOpTmB6fWu8jRo1vditrsQqL8jhc_SvGnsTHME0o80Dpv--9hv → pending (?ms, ?B)
[2026-03-21T10:11:00.414Z] GET https://rr2---sn-hgn7rn7r.googlevideo.com/videoplayback?expire=3812432747&ei=BFdkfJs0l2pu1snFx58nSAt&ip=98.20.4.7&id=o-AFEpurZsTvTJU76mCwAtRsWVvXmHNWChKvGNn4XTmSQqa&itag=18&source=youtube&requiressl=yes&mh=X6&mm=161%2C00468%2C00446&mn=BV4ef%2CoB8vo%2CRtb29&ms=BV4ef%2CoB8vo%2CRtb29&mv=x&mvi=7&pl=67&initcwndbps=8627773&siu=7&spc=n3lDTiMKJYM9fOH7UbWdn504we-aYk4gLdkWwydPGsYk&vprv=7&svpuc=7&mime=video%2Fmp4&ns=rwZnBspUgTTHjHvXmfb0ujBa&cnr=67&ratebypass=yes&dur=90094858&lmt=6123882063988055&mt=3812432747&fvip=3&c=WEB&txp=8627773&n=uBSlMsCRmEwK1n1d&sparams=expire%2Cei%2Cip%2Cid%2Citag%2Csource%2Crequiressl%2Csiu%2Cspc%2Cvprv%2Csvpuc%2Cmime%2Cns%2Ccnr%2Cratebypass%2Cdur%2Clmt&sig=Oqk1UJTv9QISvcXmCVotlfk97DumKvXfBFSVAyiMbpBCRALRZKySEXCyE0kOpTmB6fWu8jRo1vditrsQqL8jhc_SvGnsTHME0o80Dpv--9hv&lsparams=mh%2Cmm%2Cmn%2Cms%2Cmv%2Cmvi%2Cpl%2Cinitcwndbps&lsig=Oqk1UJTv9QISvcXmCVotlfk97DumKvXfBFSVAyiMbpBCRALRZKySEXCyE0kOpTmB6fWu8jRo1vditrsQqL8jhc_SvGnsTHME0o80Dpv--9hv → pending (?ms, ?B)
[2026-03-21T10:11:00.735Z] GET https://rr2---sn-hgn7rn7r.googlevideo.com/videoplayback?expire=3812432747&ei=BFdkfJs0l2pu1snFx58nSAt&ip=98.20.4.7&id=o-AFEpurZsTvTJU76mCwAtRsWVvXmHNWChKvGNn4XTmSQqa&itag=18&source=youtube&requiressl=yes&mh=X6&mm=161%2C00468%2C00446&mn=BV4ef%2CoB8vo%2CRtb29&ms=BV4ef%2CoB8vo%2CRtb29&mv=x&mvi=7&pl=67&initcwndbps=8627773&siu=7&spc=n3lDTiMKJYM9fOH7UbWdn504we-aYk4gLdkWwydPGsYk&vprv=7&svpuc=7&mime=video%2Fmp4&ns=rwZnBspUgTTHjHvXmfb0ujBa&cnr=67&ratebypass=yes&dur=90094858&lmt=6123882063988055&mt=3812432747&fvip=3&c=WEB&txp=8627773&n=uBSlMsCRmEwK1n1d&sparams=expire%2Cei%2Cip%2Cid%2Citag%2Csource%2Crequiressl%2Csiu%2Cspc%2Cvprv%2Csvpuc%2Cmime%2Cns%2Ccnr%2Cratebypass%2Cdur%2Clmt&sig=Oqk1UJTv9QISvcXmCVotlfk97DumKvXfBFSVAyiMbpBCRALRZKySEXCyE0kOpTmB6fWu8jRo1vditrsQqL8jhc_SvGnsTHME0o80Dpv--9hv&lsparams=mh%2Cmm%2Cmn%2Cms%2Cmv%2Cmvi%2Cpl%2Cinitcwndbps&lsig=Oqk1UJTv9QISvcXmCVotlfk97DumKvXfBFSVAyiMbpBCRALRZKySEXCyE0kOpTmB6fWu8jRo1vditrsQqL8jhc_SvGnsTHME0o80Dpv--9hv → 403 (320ms, ?B)
[2026-03-21T10:11:00.736Z] GET https://rr2---sn-hgn7rn7r.googlevideo.com/videoplayback?expire=3812432747&ei=BFdkfJs0l2pu1snFx58nSAt&ip=98.20.4.7&id=o-AFEpurZsTvTJU76mCwAtRsWVvXmHNWChKvGNn4XTmSQqa&itag=18&source=youtube&requiressl=yes&mh=X6&mm=161%2C00468%2C00446&mn=BV4ef%2CoB8vo%2CRtb29&ms=BV4ef%2CoB8vo%2CRtb29&mv=x&mvi=7&pl=67&ctier=L&initcwndbps=8627773&siu=7&spc=n3lDTiMKJYM9fOH7UbWdn504we-aYk4gLdkWwydPGsYk&vprv=7&svpuc=7&mime=video%2Fmp4&ns=rwZnBspUgTTHjHvXmfb0ujBa&cnr=67&ratebypass=yes&dur=90094858&lmt=6123882063988055&mt=3812432747&fvip=3&c=WEB&txp=8627773&n=uBSlMsCRmEwK1n1d&sparams=expire%2Cei%2Cip%2Cid%2Citag%2Csource%2Crequiressl%2Cctier%2Csiu%2Cspc%2Cvprv%2Csvpuc%2Cmime%2Cns%2Ccnr%2Cratebypass%2Cdur%2Clmt&sig=Oqk1UJTv9QISvcXmCVotlfk97DumKvXfBFSVAyiMbpBCRALRZKySEXCyE0kOpTmB6fWu8jRo1vditrsQqL8jhc_SvGnsTHME0o80Dpv--9hv&lsparams=mh%2Cmm%2Cmn%2Cms%2Cmv%2Cmvi%2Cpl%2Cinitcwndbps&lsig=Oqk1UJTv9QISvcXmCVotlfk97DumKvXfBFSVAyiMbpBCRALRZKySEXCyE0kOpTmB6fWu8jRo1vditrsQqL8jhc_SvGnsTHME0o80Dpv--9hv → 403 (320ms, ?B)
[2026-03-21T10:11:01.893Z] GET https://www.gstatic.com/inputtools/images/tia.png → 200 (?ms, 151B)
[2026-03-21T10:11:01.893Z] GET https://yt3.ggpht.com/28Vh0k_c2gHHbNOnFJku1bBE30NygQypPai16M79FUjevomXetr66op9Qdl9v6dxnUhPG4ZEAQ=s48-c-k-c0x00ffffff-no-rj → 200 (1ms, 1177B)
[2026-03-21T10:11:01.893Z] GET https://i.ytimg.com/vi/Qvv1CHw-on8/hqdefault.jpg?sqp=-oaymwEmCKgBEF5IWvKriqkDGQgBFQAAiEIYAdgBAeIBCggYEAIYBjgBQAE=&rs=AOn4CLCcGzQqPNvyRpSBxN7HZZc-RDj8LQ → 200 (1ms, 5470B)
[2026-03-21T10:11:01.893Z] GET https://i.ytimg.com/vi/_5sbWIeBQLk/hqdefault.jpg?sqp=-oaymwEmCKgBEF5IWvKriqkDGQgBFQAAiEIYAdgBAeIBCggYEAIYBjgBQAE=&rs=AOn4CLAu2N4xz49u_u28FKeqkRa0fTKV3w → 200 (1ms, 3876B)
[2026-03-21T10:11:01.894Z] GET blob:https://www.youtube.com/43521b20-fb49-455a-b4be-df2e4fadf91e → pending (?ms, ?B)
[2026-03-21T10:11:03.182Z] GET https://r1---sn-ab02a0nfpgxapox-bh2sy.googlevideo.com/videogoodput?id=o-AFWhHcZlXFB6X36xtDhZyVF50-oMMdSoPRbwzhZiiTf2&source=goodput&range=0-4999&expire=1774091456&ip=122.40.157.62&ms=pm&mm=35&pl=24&sparams=id,source,range,expire,ip,ms,mm,pl&signature=08AAE5E036D9A1A0C1C72684D458BF531BA356E1.81DBBAD75647478794A2621DFF67DCE72DC71F00&key=cms1&cpn=QaAseHoW8brQCHpO → 200 (58ms, 5000B)
[2026-03-21T10:11:19.259Z] POST https://www.youtube.com/youtubei/v1/updated_metadata?prettyPrint=false → 200 (95ms, 2644B)
[2026-03-21T10:11:39.386Z] POST https://www.youtube.com/youtubei/v1/updated_metadata?prettyPrint=false → 200 (89ms, 2577B)
[2026-03-21T10:11:59.493Z] POST https://www.youtube.com/youtubei/v1/updated_metadata?prettyPrint=false → 200 (110ms, 2644B)
[2026-03-21T10:12:19.623Z] POST https://www.youtube.com/youtubei/v1/updated_metadata?prettyPrint=false → 200 (90ms, 2577B)
[2026-03-21T10:12:39.733Z] POST https://www.youtube.com/youtubei/v1/updated_metadata?prettyPrint=false → pending (?ms, ?B)
[2026-03-21T10:12:59.482Z] GET https://googleads.g.doubleclick.net/pagead/id → 302 (161ms, ?B)
[2026-03-21T10:12:59.644Z] GET https://googleads.g.doubleclick.net/pagead/id?slf_rd=1 → 200 (79ms, 100B)
[2026-03-21T10:12:59.840Z] POST https://www.youtube.com/youtubei/v1/updated_metadata?prettyPrint=false → 200 (115ms, 2577B)
[2026-03-21T10:13:19.969Z] POST https://www.youtube.com/youtubei/v1/updated_metadata?prettyPrint=false → 200 (103ms, 2643B)
[2026-03-21T10:13:40.092Z] POST https://www.youtube.com/youtubei/v1/updated_metadata?prettyPrint=false → 200 (101ms, 2577B)
[2026-03-21T10:14:00.214Z] POST https://www.youtube.com/youtubei/v1/updated_metadata?prettyPrint=false → 200 (90ms, 2644B)
[2026-03-21T10:14:20.330Z] POST https://www.youtube.com/youtubei/v1/updated_metadata?prettyPrint=false → 200 (94ms, 2577B)
[2026-03-21T10:14:40.442Z] POST https://www.youtube.com/youtubei/v1/updated_metadata?prettyPrint=false → 200 (100ms, 2644B)
[2026-03-21T10:15:00.565Z] POST https://www.youtube.com/youtubei/v1/updated_metadata?prettyPrint=false → 200 (97ms, 2577B)
[2026-03-21T10:15:20.687Z] POST https://www.youtube.com/youtubei/v1/updated_metadata?prettyPrint=false → 200 (95ms, 2644B)
[2026-03-21T10:15:40.802Z] POST https://www.youtube.com/youtubei/v1/updated_metadata?prettyPrint=false → 200 (100ms, 2577B)
[2026-03-21T10:15:59.775Z] POST https://www.youtube.com/youtubei/v1/log_event?alt=json → 200 (99ms, 28B)
[2026-03-21T10:16:00.930Z] POST https://www.youtube.com/youtubei/v1/updated_metadata?prettyPrint=false → 200 (102ms, 2644B)
[2026-03-21T10:16:21.053Z] POST https://www.youtube.com/youtubei/v1/updated_metadata?prettyPrint=false → pending (?ms, ?B)
[2026-03-21T10:16:41.168Z] POST https://www.youtube.com/youtubei/v1/updated_metadata?prettyPrint=false → 200 (93ms, 2644B)
[2026-03-21T10:17:01.285Z] POST https://www.youtube.com/youtubei/v1/updated_metadata?prettyPrint=false → 200 (89ms, 2577B)
[2026-03-21T10:17:21.388Z] POST https://www.youtube.com/youtubei/v1/updated_metadata?prettyPrint=false → 200 (94ms, 2644B)
[2026-03-21T10:17:41.509Z] POST https://www.youtube.com/youtubei/v1/updated_metadata?prettyPrint=false → 200 (93ms, 2577B)
[2026-03-21T10:18:01.619Z] POST https://www.youtube.com/youtubei/v1/updated_metadata?prettyPrint=false → 200 (93ms, 2644B)
[2026-03-21T10:18:21.735Z] POST https://www.youtube.com/youtubei/v1/updated_metadata?prettyPrint=false → 200 (89ms, 2577B)
[2026-03-21T10:18:41.842Z] POST https://www.youtube.com/youtubei/v1/updated_metadata?prettyPrint=false → 200 (90ms, 2644B)
[2026-03-21T10:19:01.954Z] POST https://www.youtube.com/youtubei/v1/updated_metadata?prettyPrint=false → 200 (88ms, 2576B)
[2026-03-21T10:19:22.065Z] POST https://www.youtube.com/youtubei/v1/updated_metadata?prettyPrint=false → 200 (97ms, 2644B)
[2026-03-21T10:19:42.186Z] POST https://www.youtube.com/youtubei/v1/updated_metadata?prettyPrint=false → 200 (87ms, 2577B)
[2026-03-21T10:20:02.289Z] POST https://www.youtube.com/youtubei/v1/updated_metadata?prettyPrint=false → 200 (91ms, 2644B)
[2026-03-21T10:20:22.394Z] POST https://www.youtube.com/youtubei/v1/updated_metadata?prettyPrint=false → pending (?ms, ?B)
[2026-03-21T10:20:42.508Z] POST https://www.youtube.com/youtubei/v1/updated_metadata?prettyPrint=false → 200 (94ms, 2644B)
[2026-03-21T10:21:01.423Z] POST https://www.youtube.com/youtubei/v1/log_event?alt=json → 200 (99ms, 28B)
[2026-03-21T10:21:02.614Z] POST https://www.youtube.com/youtubei/v1/updated_metadata?prettyPrint=false → 200 (97ms, 2577B)
[2026-03-21T10:21:22.733Z] POST https://www.youtube.com/youtubei/v1/updated_metadata?prettyPrint=false → 200 (107ms, 2644B)
[2026-03-21T10:21:42.865Z] POST https://www.youtube.com/youtubei/v1/updated_metadata?prettyPrint=false → 200 (96ms, 2577B)
[2026-03-21T10:22:02.995Z] POST https://www.youtube.com/youtubei/v1/updated_metadata?prettyPrint=false → 200 (84ms, 2643B)
